<?xml version="1.0" encoding="UTF-8"?>
<!-- Generated by org.testng.reporters.JUnitReportReporter -->
<testsuite skipped="0" hostname="idea-PC" name="com.zoho.Test.CreateContactTest" tests="1" failures="0" timestamp="04 Sep 2019 05:46:08 GMT" time="35.197" errors="0">
  <testcase name="ClickContact" time="35.197" classname="com.zoho.Test.CreateContactTest"/>
</testsuite> <!-- com.zoho.Test.CreateContactTest -->
