<?xml version="1.0" encoding="UTF-8"?>
<!-- Generated by org.testng.reporters.JUnitReportReporter -->
<testsuite skipped="0" hostname="idea-PC" name="com.zoho.Test.CreateCampaignTest" tests="1" failures="0" timestamp="04 Sep 2019 05:27:16 GMT" time="15.791" errors="0">
  <testcase name="CreateNewCampaign" time="15.791" classname="com.zoho.Test.CreateCampaignTest"/>
</testsuite> <!-- com.zoho.Test.CreateCampaignTest -->
